\BOOKMARK [1][-]{section.1}{\376\377\000C\000L\000I\000\040\000i\000n\000t\000r\000o\000\040\000\050\000U\000n\000i\000x\000\040\000C\000o\000m\000m\000a\000n\000d\000\040\000L\000i\000n\000e\000\040\000I\000n\000t\000r\000o\000d\000u\000c\000t\000i\000o\000n\000\051}{}% 1
\BOOKMARK [1][-]{section.2}{\376\377\000I\000n\000t\000r\000o\000d\000u\000c\000t\000i\000o\000n}{}% 2
\BOOKMARK [1][-]{section.3}{\376\377\000S\000C\000-\000I\000M\000\040\000\050\000s\000p\000r\000e\000a\000d\000s\000h\000e\000e\000t\000s\000\040\000i\000n\000\040\000t\000e\000r\000m\000i\000n\000a\000l\000\051}{}% 3
\BOOKMARK [1][-]{section.4}{\376\377\000I\000n\000t\000r\000o\000d\000u\000c\000t\000i\000o\000n}{}% 4
\BOOKMARK [1][-]{section.5}{\376\377\000T\000m\000u\000x\000\040\000\050\000a\000\040\000t\000e\000r\000m\000i\000n\000a\000l\000\040\000m\000u\000l\000t\000i\000p\000l\000e\000x\000\051}{}% 5
\BOOKMARK [1][-]{section.6}{\376\377\000I\000n\000t\000r\000o\000d\000u\000c\000t\000i\000o\000n}{}% 6
\BOOKMARK [1][-]{section.7}{\376\377\000S\000y\000n\000c\000t\000h\000i\000n\000g\000\040\000\050\000P\0002\000P\000,\000\040\000f\000r\000e\000e\000\040\000\046\000\040\000o\000p\000e\000n\000-\000s\000o\000u\000r\000c\000e\000\040\000D\000r\000o\000p\000b\000o\000x\000\040\000a\000l\000t\000e\000r\000n\000a\000t\000i\000v\000e\000\051}{}% 7
\BOOKMARK [1][-]{section.8}{\376\377\000I\000n\000t\000r\000o\000d\000u\000c\000t\000i\000o\000n}{}% 8
\BOOKMARK [1][-]{section.9}{\376\377\000E\000m\000a\000c\000s\000\040\000\050\000t\000e\000x\000t\000\040\000e\000d\000i\000t\000o\000r\000\051}{}% 9
\BOOKMARK [1][-]{section.10}{\376\377\000I\000n\000t\000r\000o\000d\000u\000c\000t\000i\000o\000n}{}% 10
\BOOKMARK [1][-]{section.11}{\376\377\000L\000i\000b\000r\000e\000O\000f\000f\000i\000c\000e\000\040\000C\000a\000l\000c\000\040\000\050\000a\000\040\000n\000i\000c\000e\000r\000\040\000\046\000\040\000b\000e\000t\000t\000e\000r\000\040\000a\000l\000t\000e\000r\000n\000a\000t\000i\000v\000e\000\040\000t\000o\000\040\000e\000x\000c\000e\000l\000\051}{}% 11
\BOOKMARK [1][-]{section.12}{\376\377\000I\000n\000t\000r\000o\000d\000u\000c\000t\000i\000o\000n}{}% 12
\BOOKMARK [1][-]{section.13}{\376\377\000Q\000u\000a\000r\000t\000o\000\040\000\050\000o\000p\000e\000n\000-\000s\000o\000u\000r\000c\000e\000\040\000s\000c\000i\000e\000n\000t\000i\000f\000i\000c\000\040\000a\000n\000d\000\040\000t\000e\000c\000h\000n\000i\000c\000a\000l\000\040\000p\000u\000b\000l\000i\000s\000h\000i\000n\000g\000\040\000s\000y\000s\000t\000e\000m\000\051}{}% 13
\BOOKMARK [1][-]{section.14}{\376\377\000I\000n\000t\000r\000o\000d\000u\000c\000t\000i\000o\000n}{}% 14
\BOOKMARK [1][-]{section.15}{\376\377\000O\000r\000g\000-\000m\000o\000d\000e}{}% 15
\BOOKMARK [1][-]{section.16}{\376\377\000I\000n\000t\000r\000o\000d\000u\000c\000t\000i\000o\000n}{}% 16
\BOOKMARK [1][-]{section.17}{\376\377\000L\000a\000t\000e\000x\000\040\000\050\000a\000c\000a\000d\000e\000m\000i\000c\000\040\000j\000o\000u\000r\000n\000a\000l\000i\000n\000g\000\051}{}% 17
\BOOKMARK [1][-]{section.18}{\376\377\000I\000n\000t\000r\000o\000d\000u\000c\000t\000i\000o\000n}{}% 18
\BOOKMARK [1][-]{section.19}{\376\377\000T\000y\000p\000s\000t\000\040\000\050\000a\000\040\000b\000e\000t\000t\000e\000r\000\040\000L\000a\000t\000e\000x\000\040\000a\000l\000t\000e\000r\000n\000a\000t\000i\000v\000e\000\051}{}% 19
\BOOKMARK [1][-]{section.20}{\376\377\000I\000n\000t\000r\000o\000d\000u\000c\000t\000i\000o\000n}{}% 20
\BOOKMARK [1][-]{section.21}{\376\377\000N\000i\000x\000O\000S}{}% 21
\BOOKMARK [1][-]{section.22}{\376\377\000I\000n\000t\000r\000o\000d\000u\000c\000t\000i\000o\000n}{}% 22
\BOOKMARK [1][-]{section.23}{\376\377\000F\000r\000e\000e\000B\000S\000D}{}% 23
\BOOKMARK [1][-]{section.24}{\376\377\000I\000n\000t\000r\000o\000d\000u\000c\000t\000i\000o\000n}{}% 24
\BOOKMARK [1][-]{section.25}{\376\377\000O\000p\000e\000n\000B\000S\000D}{}% 25
\BOOKMARK [1][-]{section.26}{\376\377\000I\000n\000t\000r\000o\000d\000u\000c\000t\000i\000o\000n}{}% 26
\BOOKMARK [1][-]{section.27}{\376\377\000Q\000u\000b\000e\000s\000O\000S}{}% 27
\BOOKMARK [1][-]{section.28}{\376\377\000I\000n\000t\000r\000o\000d\000u\000c\000t\000i\000o\000n}{}% 28
